2013/02/24 16:09:34 [warning] [application] Не удалось присвоить небезопасный атрибут "rel_id" класса "ProfileRelationship".
in /var/www/protected/modules/users/models/Profile.php (323)
in /var/www/protected/modules/users/controllers/ProfilesController.php (24)
in /var/www/index.php (13)
2013/02/24 16:09:34 [warning] [application] Не удалось присвоить небезопасный атрибут "id" класса "ProfileRelationship".
in /var/www/protected/modules/users/models/Profile.php (323)
in /var/www/protected/modules/users/controllers/ProfilesController.php (24)
in /var/www/index.php (13)
2013/02/24 16:09:34 [warning] [application] Не удалось присвоить небезопасный атрибут "login" класса "ProfileRelationship".
in /var/www/protected/modules/users/models/Profile.php (323)
in /var/www/protected/modules/users/controllers/ProfilesController.php (24)
in /var/www/index.php (13)
2013/02/24 16:09:34 [warning] [application] Не удалось присвоить небезопасный атрибут "email" класса "ProfileRelationship".
in /var/www/protected/modules/users/models/Profile.php (323)
in /var/www/protected/modules/users/controllers/ProfilesController.php (24)
in /var/www/index.php (13)
2013/02/24 16:09:34 [warning] [application] Не удалось присвоить небезопасный атрибут "password" класса "ProfileRelationship".
in /var/www/protected/modules/users/models/Profile.php (323)
in /var/www/protected/modules/users/controllers/ProfilesController.php (24)
in /var/www/index.php (13)
2013/02/24 16:09:34 [warning] [application] Не удалось присвоить небезопасный атрибут "hash" класса "ProfileRelationship".
in /var/www/protected/modules/users/models/Profile.php (323)
in /var/www/protected/modules/users/controllers/ProfilesController.php (24)
in /var/www/index.php (13)
2013/02/24 16:09:34 [warning] [application] Не удалось присвоить небезопасный атрибут "salt" класса "ProfileRelationship".
in /var/www/protected/modules/users/models/Profile.php (323)
in /var/www/protected/modules/users/controllers/ProfilesController.php (24)
in /var/www/index.php (13)
2013/02/24 16:09:34 [warning] [application] Не удалось присвоить небезопасный атрибут "lockedauth_until" класса "ProfileRelationship".
in /var/www/protected/modules/users/models/Profile.php (323)
in /var/www/protected/modules/users/controllers/ProfilesController.php (24)
in /var/www/index.php (13)
2013/02/24 16:09:34 [warning] [application] Не удалось присвоить небезопасный атрибут "regdate" класса "ProfileRelationship".
in /var/www/protected/modules/users/models/Profile.php (323)
in /var/www/protected/modules/users/controllers/ProfilesController.php (24)
in /var/www/index.php (13)
2013/02/24 16:09:34 [warning] [application] Не удалось присвоить небезопасный атрибут "lastvisit" класса "ProfileRelationship".
in /var/www/protected/modules/users/models/Profile.php (323)
in /var/www/protected/modules/users/controllers/ProfilesController.php (24)
in /var/www/index.php (13)
2013/02/24 16:09:34 [warning] [application] Не удалось присвоить небезопасный атрибут "user_id" класса "ProfileRelationship".
in /var/www/protected/modules/users/models/Profile.php (323)
in /var/www/protected/modules/users/controllers/ProfilesController.php (24)
in /var/www/index.php (13)
2013/02/24 16:09:34 [warning] [application] Не удалось присвоить небезопасный атрибут "lastname" класса "ProfileRelationship".
in /var/www/protected/modules/users/models/Profile.php (323)
in /var/www/protected/modules/users/controllers/ProfilesController.php (24)
in /var/www/index.php (13)
2013/02/24 16:09:34 [warning] [application] Не удалось присвоить небезопасный атрибут "firstname" класса "ProfileRelationship".
in /var/www/protected/modules/users/models/Profile.php (323)
in /var/www/protected/modules/users/controllers/ProfilesController.php (24)
in /var/www/index.php (13)
2013/02/24 16:09:34 [warning] [application] Не удалось присвоить небезопасный атрибут "middlename" класса "ProfileRelationship".
in /var/www/protected/modules/users/models/Profile.php (323)
in /var/www/protected/modules/users/controllers/ProfilesController.php (24)
in /var/www/index.php (13)
2013/02/24 16:09:34 [warning] [application] Не удалось присвоить небезопасный атрибут "phone" класса "ProfileRelationship".
in /var/www/protected/modules/users/models/Profile.php (323)
in /var/www/protected/modules/users/controllers/ProfilesController.php (24)
in /var/www/index.php (13)
2013/02/24 16:09:34 [warning] [application] Не удалось присвоить небезопасный атрибут "photo" класса "ProfileRelationship".
in /var/www/protected/modules/users/models/Profile.php (323)
in /var/www/protected/modules/users/controllers/ProfilesController.php (24)
in /var/www/index.php (13)
2013/02/24 16:09:34 [warning] [application] Не удалось присвоить небезопасный атрибут "city_id" класса "ProfileRelationship".
in /var/www/protected/modules/users/models/Profile.php (323)
in /var/www/protected/modules/users/controllers/ProfilesController.php (24)
in /var/www/index.php (13)
2013/02/24 16:09:34 [warning] [application] Не удалось присвоить небезопасный атрибут "positive_rep" класса "ProfileRelationship".
in /var/www/protected/modules/users/models/Profile.php (323)
in /var/www/protected/modules/users/controllers/ProfilesController.php (24)
in /var/www/index.php (13)
2013/02/24 16:09:34 [warning] [application] Не удалось присвоить небезопасный атрибут "negative_rep" класса "ProfileRelationship".
in /var/www/protected/modules/users/models/Profile.php (323)
in /var/www/protected/modules/users/controllers/ProfilesController.php (24)
in /var/www/index.php (13)
2013/02/24 16:09:34 [warning] [application] Не удалось присвоить небезопасный атрибут "status" класса "ProfileRelationship".
in /var/www/protected/modules/users/models/Profile.php (323)
in /var/www/protected/modules/users/controllers/ProfilesController.php (24)
in /var/www/index.php (13)
2013/02/24 16:09:34 [warning] [application] Не удалось присвоить небезопасный атрибут "email_notify" класса "ProfileRelationship".
in /var/www/protected/modules/users/models/Profile.php (323)
in /var/www/protected/modules/users/controllers/ProfilesController.php (24)
in /var/www/index.php (13)
2013/02/24 16:09:34 [warning] [application] Не удалось присвоить небезопасный атрибут "sms_notify" класса "ProfileRelationship".
in /var/www/protected/modules/users/models/Profile.php (323)
in /var/www/protected/modules/users/controllers/ProfilesController.php (24)
in /var/www/index.php (13)
2013/02/24 16:09:34 [warning] [application] Не удалось присвоить небезопасный атрибут "about" класса "ProfileRelationship".
in /var/www/protected/modules/users/models/Profile.php (323)
in /var/www/protected/modules/users/controllers/ProfilesController.php (24)
in /var/www/index.php (13)
2013/02/24 16:09:34 [warning] [application] Не удалось присвоить небезопасный атрибут "gender" класса "ProfileRelationship".
in /var/www/protected/modules/users/models/Profile.php (323)
in /var/www/protected/modules/users/controllers/ProfilesController.php (24)
in /var/www/index.php (13)
2013/02/24 16:09:34 [warning] [application] Не удалось присвоить небезопасный атрибут "rel_id" класса "User".
in /var/www/protected/modules/users/models/Profile.php (326)
in /var/www/protected/modules/users/controllers/ProfilesController.php (24)
in /var/www/index.php (13)
2013/02/24 16:09:34 [warning] [application] Не удалось присвоить небезопасный атрибут "from_id" класса "User".
in /var/www/protected/modules/users/models/Profile.php (326)
in /var/www/protected/modules/users/controllers/ProfilesController.php (24)
in /var/www/index.php (13)
2013/02/24 16:09:34 [warning] [application] Не удалось присвоить небезопасный атрибут "to_id" класса "User".
in /var/www/protected/modules/users/models/Profile.php (326)
in /var/www/protected/modules/users/controllers/ProfilesController.php (24)
in /var/www/index.php (13)
2013/02/24 16:09:34 [warning] [application] Не удалось присвоить небезопасный атрибут "rel_type" класса "User".
in /var/www/protected/modules/users/models/Profile.php (326)
in /var/www/protected/modules/users/controllers/ProfilesController.php (24)
in /var/www/index.php (13)
2013/02/24 16:09:34 [warning] [application] Не удалось присвоить небезопасный атрибут "message" класса "User".
in /var/www/protected/modules/users/models/Profile.php (326)
in /var/www/protected/modules/users/controllers/ProfilesController.php (24)
in /var/www/index.php (13)
2013/02/24 16:09:34 [warning] [application] Не удалось присвоить небезопасный атрибут "id" класса "User".
in /var/www/protected/modules/users/models/Profile.php (326)
in /var/www/protected/modules/users/controllers/ProfilesController.php (24)
in /var/www/index.php (13)
2013/02/24 16:09:34 [warning] [application] Не удалось присвоить небезопасный атрибут "lockedauth_until" класса "User".
in /var/www/protected/modules/users/models/Profile.php (326)
in /var/www/protected/modules/users/controllers/ProfilesController.php (24)
in /var/www/index.php (13)
2013/02/24 16:09:34 [warning] [application] Не удалось присвоить небезопасный атрибут "regdate" класса "User".
in /var/www/protected/modules/users/models/Profile.php (326)
in /var/www/protected/modules/users/controllers/ProfilesController.php (24)
in /var/www/index.php (13)
2013/02/24 16:09:34 [warning] [application] Не удалось присвоить небезопасный атрибут "lastvisit" класса "User".
in /var/www/protected/modules/users/models/Profile.php (326)
in /var/www/protected/modules/users/controllers/ProfilesController.php (24)
in /var/www/index.php (13)
2013/02/24 16:09:34 [warning] [application] Не удалось присвоить небезопасный атрибут "user_id" класса "User".
in /var/www/protected/modules/users/models/Profile.php (326)
in /var/www/protected/modules/users/controllers/ProfilesController.php (24)
in /var/www/index.php (13)
2013/02/24 16:09:34 [warning] [application] Не удалось присвоить небезопасный атрибут "lastname" класса "User".
in /var/www/protected/modules/users/models/Profile.php (326)
in /var/www/protected/modules/users/controllers/ProfilesController.php (24)
in /var/www/index.php (13)
2013/02/24 16:09:34 [warning] [application] Не удалось присвоить небезопасный атрибут "firstname" класса "User".
in /var/www/protected/modules/users/models/Profile.php (326)
in /var/www/protected/modules/users/controllers/ProfilesController.php (24)
in /var/www/index.php (13)
2013/02/24 16:09:34 [warning] [application] Не удалось присвоить небезопасный атрибут "middlename" класса "User".
in /var/www/protected/modules/users/models/Profile.php (326)
in /var/www/protected/modules/users/controllers/ProfilesController.php (24)
in /var/www/index.php (13)
2013/02/24 16:09:34 [warning] [application] Не удалось присвоить небезопасный атрибут "phone" класса "User".
in /var/www/protected/modules/users/models/Profile.php (326)
in /var/www/protected/modules/users/controllers/ProfilesController.php (24)
in /var/www/index.php (13)
2013/02/24 16:09:34 [warning] [application] Не удалось присвоить небезопасный атрибут "photo" класса "User".
in /var/www/protected/modules/users/models/Profile.php (326)
in /var/www/protected/modules/users/controllers/ProfilesController.php (24)
in /var/www/index.php (13)
2013/02/24 16:09:34 [warning] [application] Не удалось присвоить небезопасный атрибут "city_id" класса "User".
in /var/www/protected/modules/users/models/Profile.php (326)
in /var/www/protected/modules/users/controllers/ProfilesController.php (24)
in /var/www/index.php (13)
2013/02/24 16:09:34 [warning] [application] Не удалось присвоить небезопасный атрибут "positive_rep" класса "User".
in /var/www/protected/modules/users/models/Profile.php (326)
in /var/www/protected/modules/users/controllers/ProfilesController.php (24)
in /var/www/index.php (13)
2013/02/24 16:09:34 [warning] [application] Не удалось присвоить небезопасный атрибут "negative_rep" класса "User".
in /var/www/protected/modules/users/models/Profile.php (326)
in /var/www/protected/modules/users/controllers/ProfilesController.php (24)
in /var/www/index.php (13)
2013/02/24 16:09:34 [warning] [application] Не удалось присвоить небезопасный атрибут "status" класса "User".
in /var/www/protected/modules/users/models/Profile.php (326)
in /var/www/protected/modules/users/controllers/ProfilesController.php (24)
in /var/www/index.php (13)
2013/02/24 16:09:34 [warning] [application] Не удалось присвоить небезопасный атрибут "email_notify" класса "User".
in /var/www/protected/modules/users/models/Profile.php (326)
in /var/www/protected/modules/users/controllers/ProfilesController.php (24)
in /var/www/index.php (13)
2013/02/24 16:09:34 [warning] [application] Не удалось присвоить небезопасный атрибут "sms_notify" класса "User".
in /var/www/protected/modules/users/models/Profile.php (326)
in /var/www/protected/modules/users/controllers/ProfilesController.php (24)
in /var/www/index.php (13)
2013/02/24 16:09:34 [warning] [application] Не удалось присвоить небезопасный атрибут "about" класса "User".
in /var/www/protected/modules/users/models/Profile.php (326)
in /var/www/protected/modules/users/controllers/ProfilesController.php (24)
in /var/www/index.php (13)
2013/02/24 16:09:34 [warning] [application] Не удалось присвоить небезопасный атрибут "gender" класса "User".
in /var/www/protected/modules/users/models/Profile.php (326)
in /var/www/protected/modules/users/controllers/ProfilesController.php (24)
in /var/www/index.php (13)
2013/02/24 16:09:34 [warning] [application] Не удалось присвоить небезопасный атрибут "rel_id" класса "Profile".
in /var/www/protected/modules/users/models/Profile.php (330)
in /var/www/protected/modules/users/controllers/ProfilesController.php (24)
in /var/www/index.php (13)
2013/02/24 16:09:34 [warning] [application] Не удалось присвоить небезопасный атрибут "from_id" класса "Profile".
in /var/www/protected/modules/users/models/Profile.php (330)
in /var/www/protected/modules/users/controllers/ProfilesController.php (24)
in /var/www/index.php (13)
2013/02/24 16:09:34 [warning] [application] Не удалось присвоить небезопасный атрибут "to_id" класса "Profile".
in /var/www/protected/modules/users/models/Profile.php (330)
in /var/www/protected/modules/users/controllers/ProfilesController.php (24)
in /var/www/index.php (13)
2013/02/24 16:09:34 [warning] [application] Не удалось присвоить небезопасный атрибут "rel_type" класса "Profile".
in /var/www/protected/modules/users/models/Profile.php (330)
in /var/www/protected/modules/users/controllers/ProfilesController.php (24)
in /var/www/index.php (13)
2013/02/24 16:09:34 [warning] [application] Не удалось присвоить небезопасный атрибут "message" класса "Profile".
in /var/www/protected/modules/users/models/Profile.php (330)
in /var/www/protected/modules/users/controllers/ProfilesController.php (24)
in /var/www/index.php (13)
2013/02/24 16:09:34 [warning] [application] Не удалось присвоить небезопасный атрибут "id" класса "Profile".
in /var/www/protected/modules/users/models/Profile.php (330)
in /var/www/protected/modules/users/controllers/ProfilesController.php (24)
in /var/www/index.php (13)
2013/02/24 16:09:34 [warning] [application] Не удалось присвоить небезопасный атрибут "login" класса "Profile".
in /var/www/protected/modules/users/models/Profile.php (330)
in /var/www/protected/modules/users/controllers/ProfilesController.php (24)
in /var/www/index.php (13)
2013/02/24 16:09:34 [warning] [application] Не удалось присвоить небезопасный атрибут "email" класса "Profile".
in /var/www/protected/modules/users/models/Profile.php (330)
in /var/www/protected/modules/users/controllers/ProfilesController.php (24)
in /var/www/index.php (13)
2013/02/24 16:09:34 [warning] [application] Не удалось присвоить небезопасный атрибут "password" класса "Profile".
in /var/www/protected/modules/users/models/Profile.php (330)
in /var/www/protected/modules/users/controllers/ProfilesController.php (24)
in /var/www/index.php (13)
2013/02/24 16:09:34 [warning] [application] Не удалось присвоить небезопасный атрибут "hash" класса "Profile".
in /var/www/protected/modules/users/models/Profile.php (330)
in /var/www/protected/modules/users/controllers/ProfilesController.php (24)
in /var/www/index.php (13)
2013/02/24 16:09:34 [warning] [application] Не удалось присвоить небезопасный атрибут "salt" класса "Profile".
in /var/www/protected/modules/users/models/Profile.php (330)
in /var/www/protected/modules/users/controllers/ProfilesController.php (24)
in /var/www/index.php (13)
2013/02/24 16:09:34 [warning] [application] Не удалось присвоить небезопасный атрибут "lockedauth_until" класса "Profile".
in /var/www/protected/modules/users/models/Profile.php (330)
in /var/www/protected/modules/users/controllers/ProfilesController.php (24)
in /var/www/index.php (13)
2013/02/24 16:09:34 [warning] [application] Не удалось присвоить небезопасный атрибут "regdate" класса "Profile".
in /var/www/protected/modules/users/models/Profile.php (330)
in /var/www/protected/modules/users/controllers/ProfilesController.php (24)
in /var/www/index.php (13)
2013/02/24 16:09:34 [warning] [application] Не удалось присвоить небезопасный атрибут "lastvisit" класса "Profile".
in /var/www/protected/modules/users/models/Profile.php (330)
in /var/www/protected/modules/users/controllers/ProfilesController.php (24)
in /var/www/index.php (13)
2013/02/24 16:09:34 [warning] [application] Не удалось присвоить небезопасный атрибут "rel_id" класса "ProfileRelationship".
in /var/www/protected/modules/users/models/Profile.php (323)
in /var/www/protected/modules/users/controllers/ProfilesController.php (24)
in /var/www/index.php (13)
2013/02/24 16:09:34 [warning] [application] Не удалось присвоить небезопасный атрибут "id" класса "ProfileRelationship".
in /var/www/protected/modules/users/models/Profile.php (323)
in /var/www/protected/modules/users/controllers/ProfilesController.php (24)
in /var/www/index.php (13)
2013/02/24 16:09:34 [warning] [application] Не удалось присвоить небезопасный атрибут "login" класса "ProfileRelationship".
in /var/www/protected/modules/users/models/Profile.php (323)
in /var/www/protected/modules/users/controllers/ProfilesController.php (24)
in /var/www/index.php (13)
2013/02/24 16:09:34 [warning] [application] Не удалось присвоить небезопасный атрибут "email" класса "ProfileRelationship".
in /var/www/protected/modules/users/models/Profile.php (323)
in /var/www/protected/modules/users/controllers/ProfilesController.php (24)
in /var/www/index.php (13)
2013/02/24 16:09:34 [warning] [application] Не удалось присвоить небезопасный атрибут "password" класса "ProfileRelationship".
in /var/www/protected/modules/users/models/Profile.php (323)
in /var/www/protected/modules/users/controllers/ProfilesController.php (24)
in /var/www/index.php (13)
2013/02/24 16:09:34 [warning] [application] Не удалось присвоить небезопасный атрибут "hash" класса "ProfileRelationship".
in /var/www/protected/modules/users/models/Profile.php (323)
in /var/www/protected/modules/users/controllers/ProfilesController.php (24)
in /var/www/index.php (13)
2013/02/24 16:09:34 [warning] [application] Не удалось присвоить небезопасный атрибут "salt" класса "ProfileRelationship".
in /var/www/protected/modules/users/models/Profile.php (323)
in /var/www/protected/modules/users/controllers/ProfilesController.php (24)
in /var/www/index.php (13)
2013/02/24 16:09:34 [warning] [application] Не удалось присвоить небезопасный атрибут "lockedauth_until" класса "ProfileRelationship".
in /var/www/protected/modules/users/models/Profile.php (323)
in /var/www/protected/modules/users/controllers/ProfilesController.php (24)
in /var/www/index.php (13)
2013/02/24 16:09:34 [warning] [application] Не удалось присвоить небезопасный атрибут "regdate" класса "ProfileRelationship".
in /var/www/protected/modules/users/models/Profile.php (323)
in /var/www/protected/modules/users/controllers/ProfilesController.php (24)
in /var/www/index.php (13)
2013/02/24 16:09:34 [warning] [application] Не удалось присвоить небезопасный атрибут "lastvisit" класса "ProfileRelationship".
in /var/www/protected/modules/users/models/Profile.php (323)
in /var/www/protected/modules/users/controllers/ProfilesController.php (24)
in /var/www/index.php (13)
2013/02/24 16:09:34 [warning] [application] Не удалось присвоить небезопасный атрибут "user_id" класса "ProfileRelationship".
in /var/www/protected/modules/users/models/Profile.php (323)
in /var/www/protected/modules/users/controllers/ProfilesController.php (24)
in /var/www/index.php (13)
2013/02/24 16:09:34 [warning] [application] Не удалось присвоить небезопасный атрибут "lastname" класса "ProfileRelationship".
in /var/www/protected/modules/users/models/Profile.php (323)
in /var/www/protected/modules/users/controllers/ProfilesController.php (24)
in /var/www/index.php (13)
2013/02/24 16:09:34 [warning] [application] Не удалось присвоить небезопасный атрибут "firstname" класса "ProfileRelationship".
in /var/www/protected/modules/users/models/Profile.php (323)
in /var/www/protected/modules/users/controllers/ProfilesController.php (24)
in /var/www/index.php (13)
2013/02/24 16:09:34 [warning] [application] Не удалось присвоить небезопасный атрибут "middlename" класса "ProfileRelationship".
in /var/www/protected/modules/users/models/Profile.php (323)
in /var/www/protected/modules/users/controllers/ProfilesController.php (24)
in /var/www/index.php (13)
2013/02/24 16:09:34 [warning] [application] Не удалось присвоить небезопасный атрибут "phone" класса "ProfileRelationship".
in /var/www/protected/modules/users/models/Profile.php (323)
in /var/www/protected/modules/users/controllers/ProfilesController.php (24)
in /var/www/index.php (13)
2013/02/24 16:09:34 [warning] [application] Не удалось присвоить небезопасный атрибут "photo" класса "ProfileRelationship".
in /var/www/protected/modules/users/models/Profile.php (323)
in /var/www/protected/modules/users/controllers/ProfilesController.php (24)
in /var/www/index.php (13)
2013/02/24 16:09:34 [warning] [application] Не удалось присвоить небезопасный атрибут "city_id" класса "ProfileRelationship".
in /var/www/protected/modules/users/models/Profile.php (323)
in /var/www/protected/modules/users/controllers/ProfilesController.php (24)
in /var/www/index.php (13)
2013/02/24 16:09:34 [warning] [application] Не удалось присвоить небезопасный атрибут "positive_rep" класса "ProfileRelationship".
in /var/www/protected/modules/users/models/Profile.php (323)
in /var/www/protected/modules/users/controllers/ProfilesController.php (24)
in /var/www/index.php (13)
2013/02/24 16:09:34 [warning] [application] Не удалось присвоить небезопасный атрибут "negative_rep" класса "ProfileRelationship".
in /var/www/protected/modules/users/models/Profile.php (323)
in /var/www/protected/modules/users/controllers/ProfilesController.php (24)
in /var/www/index.php (13)
2013/02/24 16:09:34 [warning] [application] Не удалось присвоить небезопасный атрибут "status" класса "ProfileRelationship".
in /var/www/protected/modules/users/models/Profile.php (323)
in /var/www/protected/modules/users/controllers/ProfilesController.php (24)
in /var/www/index.php (13)
2013/02/24 16:09:34 [warning] [application] Не удалось присвоить небезопасный атрибут "email_notify" класса "ProfileRelationship".
in /var/www/protected/modules/users/models/Profile.php (323)
in /var/www/protected/modules/users/controllers/ProfilesController.php (24)
in /var/www/index.php (13)
2013/02/24 16:09:34 [warning] [application] Не удалось присвоить небезопасный атрибут "sms_notify" класса "ProfileRelationship".
in /var/www/protected/modules/users/models/Profile.php (323)
in /var/www/protected/modules/users/controllers/ProfilesController.php (24)
in /var/www/index.php (13)
2013/02/24 16:09:34 [warning] [application] Не удалось присвоить небезопасный атрибут "about" класса "ProfileRelationship".
in /var/www/protected/modules/users/models/Profile.php (323)
in /var/www/protected/modules/users/controllers/ProfilesController.php (24)
in /var/www/index.php (13)
2013/02/24 16:09:34 [warning] [application] Не удалось присвоить небезопасный атрибут "gender" класса "ProfileRelationship".
in /var/www/protected/modules/users/models/Profile.php (323)
in /var/www/protected/modules/users/controllers/ProfilesController.php (24)
in /var/www/index.php (13)
2013/02/24 16:09:34 [warning] [application] Не удалось присвоить небезопасный атрибут "rel_id" класса "User".
in /var/www/protected/modules/users/models/Profile.php (326)
in /var/www/protected/modules/users/controllers/ProfilesController.php (24)
in /var/www/index.php (13)
2013/02/24 16:09:34 [warning] [application] Не удалось присвоить небезопасный атрибут "from_id" класса "User".
in /var/www/protected/modules/users/models/Profile.php (326)
in /var/www/protected/modules/users/controllers/ProfilesController.php (24)
in /var/www/index.php (13)
2013/02/24 16:09:34 [warning] [application] Не удалось присвоить небезопасный атрибут "to_id" класса "User".
in /var/www/protected/modules/users/models/Profile.php (326)
in /var/www/protected/modules/users/controllers/ProfilesController.php (24)
in /var/www/index.php (13)
2013/02/24 16:09:34 [warning] [application] Не удалось присвоить небезопасный атрибут "rel_type" класса "User".
in /var/www/protected/modules/users/models/Profile.php (326)
in /var/www/protected/modules/users/controllers/ProfilesController.php (24)
in /var/www/index.php (13)
2013/02/24 16:09:34 [warning] [application] Не удалось присвоить небезопасный атрибут "message" класса "User".
in /var/www/protected/modules/users/models/Profile.php (326)
in /var/www/protected/modules/users/controllers/ProfilesController.php (24)
in /var/www/index.php (13)
2013/02/24 16:09:34 [warning] [application] Не удалось присвоить небезопасный атрибут "id" класса "User".
in /var/www/protected/modules/users/models/Profile.php (326)
in /var/www/protected/modules/users/controllers/ProfilesController.php (24)
in /var/www/index.php (13)
2013/02/24 16:09:34 [warning] [application] Не удалось присвоить небезопасный атрибут "lockedauth_until" класса "User".
in /var/www/protected/modules/users/models/Profile.php (326)
in /var/www/protected/modules/users/controllers/ProfilesController.php (24)
in /var/www/index.php (13)
2013/02/24 16:09:34 [warning] [application] Не удалось присвоить небезопасный атрибут "regdate" класса "User".
in /var/www/protected/modules/users/models/Profile.php (326)
in /var/www/protected/modules/users/controllers/ProfilesController.php (24)
in /var/www/index.php (13)
2013/02/24 16:09:34 [warning] [application] Не удалось присвоить небезопасный атрибут "lastvisit" класса "User".
in /var/www/protected/modules/users/models/Profile.php (326)
in /var/www/protected/modules/users/controllers/ProfilesController.php (24)
in /var/www/index.php (13)
2013/02/24 16:09:34 [warning] [application] Не удалось присвоить небезопасный атрибут "user_id" класса "User".
in /var/www/protected/modules/users/models/Profile.php (326)
in /var/www/protected/modules/users/controllers/ProfilesController.php (24)
in /var/www/index.php (13)
2013/02/24 16:09:34 [warning] [application] Не удалось присвоить небезопасный атрибут "lastname" класса "User".
in /var/www/protected/modules/users/models/Profile.php (326)
in /var/www/protected/modules/users/controllers/ProfilesController.php (24)
in /var/www/index.php (13)
2013/02/24 16:09:34 [warning] [application] Не удалось присвоить небезопасный атрибут "firstname" класса "User".
in /var/www/protected/modules/users/models/Profile.php (326)
in /var/www/protected/modules/users/controllers/ProfilesController.php (24)
in /var/www/index.php (13)
2013/02/24 16:09:34 [warning] [application] Не удалось присвоить небезопасный атрибут "middlename" класса "User".
in /var/www/protected/modules/users/models/Profile.php (326)
in /var/www/protected/modules/users/controllers/ProfilesController.php (24)
in /var/www/index.php (13)
2013/02/24 16:09:34 [warning] [application] Не удалось присвоить небезопасный атрибут "phone" класса "User".
in /var/www/protected/modules/users/models/Profile.php (326)
in /var/www/protected/modules/users/controllers/ProfilesController.php (24)
in /var/www/index.php (13)
2013/02/24 16:09:34 [warning] [application] Не удалось присвоить небезопасный атрибут "photo" класса "User".
in /var/www/protected/modules/users/models/Profile.php (326)
in /var/www/protected/modules/users/controllers/ProfilesController.php (24)
in /var/www/index.php (13)
2013/02/24 16:09:34 [warning] [application] Не удалось присвоить небезопасный атрибут "city_id" класса "User".
in /var/www/protected/modules/users/models/Profile.php (326)
in /var/www/protected/modules/users/controllers/ProfilesController.php (24)
in /var/www/index.php (13)
2013/02/24 16:09:34 [warning] [application] Не удалось присвоить небезопасный атрибут "positive_rep" класса "User".
in /var/www/protected/modules/users/models/Profile.php (326)
in /var/www/protected/modules/users/controllers/ProfilesController.php (24)
in /var/www/index.php (13)
2013/02/24 16:09:34 [warning] [application] Не удалось присвоить небезопасный атрибут "negative_rep" класса "User".
in /var/www/protected/modules/users/models/Profile.php (326)
in /var/www/protected/modules/users/controllers/ProfilesController.php (24)
in /var/www/index.php (13)
2013/02/24 16:09:34 [warning] [application] Не удалось присвоить небезопасный атрибут "status" класса "User".
in /var/www/protected/modules/users/models/Profile.php (326)
in /var/www/protected/modules/users/controllers/ProfilesController.php (24)
in /var/www/index.php (13)
2013/02/24 16:09:34 [warning] [application] Не удалось присвоить небезопасный атрибут "email_notify" класса "User".
in /var/www/protected/modules/users/models/Profile.php (326)
in /var/www/protected/modules/users/controllers/ProfilesController.php (24)
in /var/www/index.php (13)
2013/02/24 16:09:34 [warning] [application] Не удалось присвоить небезопасный атрибут "sms_notify" класса "User".
in /var/www/protected/modules/users/models/Profile.php (326)
in /var/www/protected/modules/users/controllers/ProfilesController.php (24)
in /var/www/index.php (13)
2013/02/24 16:09:34 [warning] [application] Не удалось присвоить небезопасный атрибут "about" класса "User".
in /var/www/protected/modules/users/models/Profile.php (326)
in /var/www/protected/modules/users/controllers/ProfilesController.php (24)
in /var/www/index.php (13)
2013/02/24 16:09:34 [warning] [application] Не удалось присвоить небезопасный атрибут "gender" класса "User".
in /var/www/protected/modules/users/models/Profile.php (326)
in /var/www/protected/modules/users/controllers/ProfilesController.php (24)
in /var/www/index.php (13)
2013/02/24 16:09:34 [warning] [application] Не удалось присвоить небезопасный атрибут "rel_id" класса "Profile".
in /var/www/protected/modules/users/models/Profile.php (330)
in /var/www/protected/modules/users/controllers/ProfilesController.php (24)
in /var/www/index.php (13)
2013/02/24 16:09:34 [warning] [application] Не удалось присвоить небезопасный атрибут "from_id" класса "Profile".
in /var/www/protected/modules/users/models/Profile.php (330)
in /var/www/protected/modules/users/controllers/ProfilesController.php (24)
in /var/www/index.php (13)
2013/02/24 16:09:34 [warning] [application] Не удалось присвоить небезопасный атрибут "to_id" класса "Profile".
in /var/www/protected/modules/users/models/Profile.php (330)
in /var/www/protected/modules/users/controllers/ProfilesController.php (24)
in /var/www/index.php (13)
2013/02/24 16:09:34 [warning] [application] Не удалось присвоить небезопасный атрибут "rel_type" класса "Profile".
in /var/www/protected/modules/users/models/Profile.php (330)
in /var/www/protected/modules/users/controllers/ProfilesController.php (24)
in /var/www/index.php (13)
2013/02/24 16:09:34 [warning] [application] Не удалось присвоить небезопасный атрибут "message" класса "Profile".
in /var/www/protected/modules/users/models/Profile.php (330)
in /var/www/protected/modules/users/controllers/ProfilesController.php (24)
in /var/www/index.php (13)
2013/02/24 16:09:34 [warning] [application] Не удалось присвоить небезопасный атрибут "id" класса "Profile".
in /var/www/protected/modules/users/models/Profile.php (330)
in /var/www/protected/modules/users/controllers/ProfilesController.php (24)
in /var/www/index.php (13)
2013/02/24 16:09:34 [warning] [application] Не удалось присвоить небезопасный атрибут "login" класса "Profile".
in /var/www/protected/modules/users/models/Profile.php (330)
in /var/www/protected/modules/users/controllers/ProfilesController.php (24)
in /var/www/index.php (13)
2013/02/24 16:09:34 [warning] [application] Не удалось присвоить небезопасный атрибут "email" класса "Profile".
in /var/www/protected/modules/users/models/Profile.php (330)
in /var/www/protected/modules/users/controllers/ProfilesController.php (24)
in /var/www/index.php (13)
2013/02/24 16:09:34 [warning] [application] Не удалось присвоить небезопасный атрибут "password" класса "Profile".
in /var/www/protected/modules/users/models/Profile.php (330)
in /var/www/protected/modules/users/controllers/ProfilesController.php (24)
in /var/www/index.php (13)
2013/02/24 16:09:34 [warning] [application] Не удалось присвоить небезопасный атрибут "hash" класса "Profile".
in /var/www/protected/modules/users/models/Profile.php (330)
in /var/www/protected/modules/users/controllers/ProfilesController.php (24)
in /var/www/index.php (13)
2013/02/24 16:09:34 [warning] [application] Не удалось присвоить небезопасный атрибут "salt" класса "Profile".
in /var/www/protected/modules/users/models/Profile.php (330)
in /var/www/protected/modules/users/controllers/ProfilesController.php (24)
in /var/www/index.php (13)
2013/02/24 16:09:34 [warning] [application] Не удалось присвоить небезопасный атрибут "lockedauth_until" класса "Profile".
in /var/www/protected/modules/users/models/Profile.php (330)
in /var/www/protected/modules/users/controllers/ProfilesController.php (24)
in /var/www/index.php (13)
2013/02/24 16:09:34 [warning] [application] Не удалось присвоить небезопасный атрибут "regdate" класса "Profile".
in /var/www/protected/modules/users/models/Profile.php (330)
in /var/www/protected/modules/users/controllers/ProfilesController.php (24)
in /var/www/index.php (13)
2013/02/24 16:09:34 [warning] [application] Не удалось присвоить небезопасный атрибут "lastvisit" класса "Profile".
in /var/www/protected/modules/users/models/Profile.php (330)
in /var/www/protected/modules/users/controllers/ProfilesController.php (24)
in /var/www/index.php (13)
